This file contains any messages produced by compilers while
running configure, to aid debugging if configure makes a mistake.

It was created by Tempo2 configure 2014.11.1, which was
generated by GNU Autoconf 2.69.  Invocation command line was

  $ ./configure --prefix=/Users/qianyiqian/Desktop/research/pulsar/psrsoft/usr

## --------- ##
## Platform. ##
## --------- ##

hostname = KamiSama.local
uname -m = x86_64
uname -r = 16.7.0
uname -s = Darwin
uname -v = Darwin Kernel Version 16.7.0: Thu Jun 15 17:36:27 PDT 2017; root:xnu-3789.70.16~2/RELEASE_X86_64

/usr/bin/uname -p = i386
/bin/uname -X     = unknown

/bin/arch              = unknown
/usr/bin/arch -k       = unknown
/usr/convex/getsysinfo = unknown
/usr/bin/hostinfo      = Mach kernel version:
	 Darwin Kernel Version 16.7.0: Thu Jun 15 17:36:27 PDT 2017; root:xnu-3789.70.16~2/RELEASE_X86_64
Kernel configured for up to 8 processors.
4 processors are physically available.
8 processors are logically available.
Processor type: x86_64h (Intel x86-64h Haswell)
Processors active: 0 1 2 3 4 5 6 7
Primary memory available: 16.00 gigabytes
Default processor set: 376 tasks, 2124 threads, 8 processors
Load average: 3.66, Mach factor: 4.33
/bin/machine           = unknown
/usr/bin/oslevel       = unknown
/bin/universe          = unknown

PATH: /usr//bin
PATH: /Users/qianyiqian/Desktop/research/pulsar/psrsoft/usr/bin
PATH: /Users/qianyiqian/Desktop/research/pulsar/psrsoft/bin
PATH: /usr/local/opt/sqlite/bin
PATH: /usr/local/sbin
PATH: /usr/local/bin
PATH: /usr/bin
PATH: /bin
PATH: /usr/sbin
PATH: /sbin
PATH: /opt/X11/bin
PATH: /Library/TeX/texbin


## ----------- ##
## Core tests. ##
## ----------- ##

configure:2721: checking for gcc
configure:2748: result: gcc
configure:2977: checking for C compiler version
configure:2986: gcc --version >&5
Apple LLVM version 8.1.0 (clang-802.0.38)
Target: x86_64-apple-darwin16.7.0
Thread model: posix
InstalledDir: /Applications/Xcode.app/Contents/Developer/Toolchains/XcodeDefault.xctoolchain/usr/bin
Configured with: --prefix=/Applications/Xcode.app/Contents/Developer/usr --with-gxx-include-dir=/usr/include/c++/4.2.1
configure:2997: $? = 0
configure:2986: gcc -v >&5
Configured with: --prefix=/Applications/Xcode.app/Contents/Developer/usr --with-gxx-include-dir=/usr/include/c++/4.2.1
Apple LLVM version 8.1.0 (clang-802.0.38)
Target: x86_64-apple-darwin16.7.0
Thread model: posix
InstalledDir: /Applications/Xcode.app/Contents/Developer/Toolchains/XcodeDefault.xctoolchain/usr/bin
configure:2997: $? = 0
configure:2986: gcc -V >&5
clang: error: argument to '-V' is missing (expected 1 value)
clang: error: no input files
configure:2997: $? = 1
configure:2986: gcc -qversion >&5
clang: error: unknown argument: '-qversion'
clang: error: no input files
configure:2997: $? = 1
configure:3017: checking whether the C compiler works
configure:3039: gcc -I/Users/qianyiqian/Desktop/research/pulsar/psrsoft/usr/include   -L/Users/qianyiqian/Desktop/research/pulsar/psrsoft/usr/lib  conftest.c  >&5
configure:3043: $? = 0
configure:3091: result: yes
configure:3094: checking for C compiler default output file name
configure:3096: result: a.out
configure:3102: checking for suffix of executables
configure:3109: gcc -o conftest -I/Users/qianyiqian/Desktop/research/pulsar/psrsoft/usr/include   -L/Users/qianyiqian/Desktop/research/pulsar/psrsoft/usr/lib  conftest.c  >&5
configure:3113: $? = 0
configure:3135: result: 
configure:3157: checking whether we are cross compiling
configure:3165: gcc -o conftest -I/Users/qianyiqian/Desktop/research/pulsar/psrsoft/usr/include   -L/Users/qianyiqian/Desktop/research/pulsar/psrsoft/usr/lib  conftest.c  >&5
configure:3169: $? = 0
configure:3176: ./conftest
configure:3180: $? = 0
configure:3195: result: no
configure:3200: checking for suffix of object files
configure:3222: gcc -c -I/Users/qianyiqian/Desktop/research/pulsar/psrsoft/usr/include   conftest.c >&5
configure:3226: $? = 0
configure:3247: result: o
configure:3251: checking whether we are using the GNU C compiler
configure:3270: gcc -c -I/Users/qianyiqian/Desktop/research/pulsar/psrsoft/usr/include   conftest.c >&5
configure:3270: $? = 0
configure:3279: result: yes
configure:3288: checking whether gcc accepts -g
configure:3308: gcc -c -g  conftest.c >&5
configure:3308: $? = 0
configure:3349: result: yes
configure:3366: checking for gcc option to accept ISO C89
configure:3429: gcc  -c -I/Users/qianyiqian/Desktop/research/pulsar/psrsoft/usr/include   conftest.c >&5
configure:3429: $? = 0
configure:3442: result: none needed
configure:3467: checking whether gcc understands -c and -o together
configure:3489: gcc -c conftest.c -o conftest2.o
configure:3492: $? = 0
configure:3489: gcc -c conftest.c -o conftest2.o
configure:3492: $? = 0
configure:3504: result: yes
configure:3529: checking for special C compiler options needed for large files
configure:3574: result: no
configure:3580: checking for _FILE_OFFSET_BITS value needed for large files
configure:3605: gcc -c -I/Users/qianyiqian/Desktop/research/pulsar/psrsoft/usr/include   conftest.c >&5
configure:3605: $? = 0
configure:3637: result: no
configure:3729: checking how to run the C preprocessor
configure:3760: gcc -E  conftest.c
configure:3760: $? = 0
configure:3774: gcc -E  conftest.c
conftest.c:9:10: fatal error: 'ac_nonexistent.h' file not found
#include <ac_nonexistent.h>
         ^
1 error generated.
configure:3774: $? = 1
configure: failed program was:
| /* confdefs.h */
| #define PACKAGE_NAME "Tempo2"
| #define PACKAGE_TARNAME "tempo2"
| #define PACKAGE_VERSION "2014.11.1"
| #define PACKAGE_STRING "Tempo2 2014.11.1"
| #define PACKAGE_BUGREPORT "george.hobbs@csiro.au"
| #define PACKAGE_URL ""
| /* end confdefs.h.  */
| #include <ac_nonexistent.h>
configure:3799: result: gcc -E
configure:3819: gcc -E  conftest.c
configure:3819: $? = 0
configure:3833: gcc -E  conftest.c
conftest.c:9:10: fatal error: 'ac_nonexistent.h' file not found
#include <ac_nonexistent.h>
         ^
1 error generated.
configure:3833: $? = 1
configure: failed program was:
| /* confdefs.h */
| #define PACKAGE_NAME "Tempo2"
| #define PACKAGE_TARNAME "tempo2"
| #define PACKAGE_VERSION "2014.11.1"
| #define PACKAGE_STRING "Tempo2 2014.11.1"
| #define PACKAGE_BUGREPORT "george.hobbs@csiro.au"
| #define PACKAGE_URL ""
| /* end confdefs.h.  */
| #include <ac_nonexistent.h>
configure:3862: checking for grep that handles long lines and -e
configure:3920: result: /usr//bin/grep
configure:3925: checking for egrep
configure:3987: result: /usr//bin/grep -E
configure:3992: checking for ANSI C header files
configure:4012: gcc -c -I/Users/qianyiqian/Desktop/research/pulsar/psrsoft/usr/include   conftest.c >&5
configure:4012: $? = 0
configure:4085: gcc -o conftest -I/Users/qianyiqian/Desktop/research/pulsar/psrsoft/usr/include   -L/Users/qianyiqian/Desktop/research/pulsar/psrsoft/usr/lib  conftest.c  >&5
configure:4085: $? = 0
configure:4085: ./conftest
configure:4085: $? = 0
configure:4096: result: yes
configure:4109: checking for sys/types.h
configure:4109: gcc -c -I/Users/qianyiqian/Desktop/research/pulsar/psrsoft/usr/include   conftest.c >&5
configure:4109: $? = 0
configure:4109: result: yes
configure:4109: checking for sys/stat.h
configure:4109: gcc -c -I/Users/qianyiqian/Desktop/research/pulsar/psrsoft/usr/include   conftest.c >&5
configure:4109: $? = 0
configure:4109: result: yes
configure:4109: checking for stdlib.h
configure:4109: gcc -c -I/Users/qianyiqian/Desktop/research/pulsar/psrsoft/usr/include   conftest.c >&5
configure:4109: $? = 0
configure:4109: result: yes
configure:4109: checking for string.h
configure:4109: gcc -c -I/Users/qianyiqian/Desktop/research/pulsar/psrsoft/usr/include   conftest.c >&5
configure:4109: $? = 0
configure:4109: result: yes
configure:4109: checking for memory.h
configure:4109: gcc -c -I/Users/qianyiqian/Desktop/research/pulsar/psrsoft/usr/include   conftest.c >&5
configure:4109: $? = 0
configure:4109: result: yes
configure:4109: checking for strings.h
configure:4109: gcc -c -I/Users/qianyiqian/Desktop/research/pulsar/psrsoft/usr/include   conftest.c >&5
configure:4109: $? = 0
configure:4109: result: yes
configure:4109: checking for inttypes.h
configure:4109: gcc -c -I/Users/qianyiqian/Desktop/research/pulsar/psrsoft/usr/include   conftest.c >&5
configure:4109: $? = 0
configure:4109: result: yes
configure:4109: checking for stdint.h
configure:4109: gcc -c -I/Users/qianyiqian/Desktop/research/pulsar/psrsoft/usr/include   conftest.c >&5
configure:4109: $? = 0
configure:4109: result: yes
configure:4109: checking for unistd.h
configure:4109: gcc -c -I/Users/qianyiqian/Desktop/research/pulsar/psrsoft/usr/include   conftest.c >&5
configure:4109: $? = 0
configure:4109: result: yes
configure:4121: checking whether byte ordering is bigendian
configure:4136: gcc -c -I/Users/qianyiqian/Desktop/research/pulsar/psrsoft/usr/include   conftest.c >&5
configure:4136: $? = 0
configure:4181: gcc -c -I/Users/qianyiqian/Desktop/research/pulsar/psrsoft/usr/include   conftest.c >&5
configure:4181: $? = 0
configure:4199: gcc -c -I/Users/qianyiqian/Desktop/research/pulsar/psrsoft/usr/include   conftest.c >&5
conftest.c:26:4: error: use of undeclared identifier 'not'
                 not big endian
                 ^
1 error generated.
configure:4199: $? = 1
configure: failed program was:
| /* confdefs.h */
| #define PACKAGE_NAME "Tempo2"
| #define PACKAGE_TARNAME "tempo2"
| #define PACKAGE_VERSION "2014.11.1"
| #define PACKAGE_STRING "Tempo2 2014.11.1"
| #define PACKAGE_BUGREPORT "george.hobbs@csiro.au"
| #define PACKAGE_URL ""
| #define STDC_HEADERS 1
| #define HAVE_SYS_TYPES_H 1
| #define HAVE_SYS_STAT_H 1
| #define HAVE_STDLIB_H 1
| #define HAVE_STRING_H 1
| #define HAVE_MEMORY_H 1
| #define HAVE_STRINGS_H 1
| #define HAVE_INTTYPES_H 1
| #define HAVE_STDINT_H 1
| #define HAVE_UNISTD_H 1
| /* end confdefs.h.  */
| #include <sys/types.h>
| 		#include <sys/param.h>
| 
| int
| main ()
| {
| #if BYTE_ORDER != BIG_ENDIAN
| 		 not big endian
| 		#endif
| 
|   ;
|   return 0;
| }
configure:4327: result: no
configure:4459: checking for C++ compiler version
configure:4468: g++ --version >&5
Apple LLVM version 8.1.0 (clang-802.0.38)
Target: x86_64-apple-darwin16.7.0
Thread model: posix
InstalledDir: /Applications/Xcode.app/Contents/Developer/Toolchains/XcodeDefault.xctoolchain/usr/bin
Configured with: --prefix=/Applications/Xcode.app/Contents/Developer/usr --with-gxx-include-dir=/usr/include/c++/4.2.1
configure:4479: $? = 0
configure:4468: g++ -v >&5
Configured with: --prefix=/Applications/Xcode.app/Contents/Developer/usr --with-gxx-include-dir=/usr/include/c++/4.2.1
Apple LLVM version 8.1.0 (clang-802.0.38)
Target: x86_64-apple-darwin16.7.0
Thread model: posix
InstalledDir: /Applications/Xcode.app/Contents/Developer/Toolchains/XcodeDefault.xctoolchain/usr/bin
configure:4479: $? = 0
configure:4468: g++ -V >&5
clang: error: argument to '-V' is missing (expected 1 value)
clang: error: no input files
configure:4479: $? = 1
configure:4468: g++ -qversion >&5
clang: error: unknown argument: '-qversion'
clang: error: no input files
configure:4479: $? = 1
configure:4483: checking whether we are using the GNU C++ compiler
configure:4502: g++ -c -I/Users/qianyiqian/Desktop/research/pulsar/psrsoft/usr/include   conftest.cpp >&5
configure:4502: $? = 0
configure:4511: result: yes
configure:4520: checking whether g++ accepts -g
configure:4540: g++ -c -g  conftest.cpp >&5
configure:4540: $? = 0
configure:4581: result: yes
configure:4609: checking how to run the C++ preprocessor
configure:4636: g++ -E  conftest.cpp
configure:4636: $? = 0
configure:4650: g++ -E  conftest.cpp
conftest.cpp:19:10: fatal error: 'ac_nonexistent.h' file not found
#include <ac_nonexistent.h>
         ^
1 error generated.
configure:4650: $? = 1
configure: failed program was:
| /* confdefs.h */
| #define PACKAGE_NAME "Tempo2"
| #define PACKAGE_TARNAME "tempo2"
| #define PACKAGE_VERSION "2014.11.1"
| #define PACKAGE_STRING "Tempo2 2014.11.1"
| #define PACKAGE_BUGREPORT "george.hobbs@csiro.au"
| #define PACKAGE_URL ""
| #define STDC_HEADERS 1
| #define HAVE_SYS_TYPES_H 1
| #define HAVE_SYS_STAT_H 1
| #define HAVE_STDLIB_H 1
| #define HAVE_STRING_H 1
| #define HAVE_MEMORY_H 1
| #define HAVE_STRINGS_H 1
| #define HAVE_INTTYPES_H 1
| #define HAVE_STDINT_H 1
| #define HAVE_UNISTD_H 1
| /* end confdefs.h.  */
| #include <ac_nonexistent.h>
configure:4675: result: g++ -E
configure:4695: g++ -E  conftest.cpp
configure:4695: $? = 0
configure:4709: g++ -E  conftest.cpp
conftest.cpp:19:10: fatal error: 'ac_nonexistent.h' file not found
#include <ac_nonexistent.h>
         ^
1 error generated.
configure:4709: $? = 1
configure: failed program was:
| /* confdefs.h */
| #define PACKAGE_NAME "Tempo2"
| #define PACKAGE_TARNAME "tempo2"
| #define PACKAGE_VERSION "2014.11.1"
| #define PACKAGE_STRING "Tempo2 2014.11.1"
| #define PACKAGE_BUGREPORT "george.hobbs@csiro.au"
| #define PACKAGE_URL ""
| #define STDC_HEADERS 1
| #define HAVE_SYS_TYPES_H 1
| #define HAVE_SYS_STAT_H 1
| #define HAVE_STDLIB_H 1
| #define HAVE_STRING_H 1
| #define HAVE_MEMORY_H 1
| #define HAVE_STRINGS_H 1
| #define HAVE_INTTYPES_H 1
| #define HAVE_STDINT_H 1
| #define HAVE_UNISTD_H 1
| /* end confdefs.h.  */
| #include <ac_nonexistent.h>
configure:4785: checking for gcc
configure:4812: result: gcc
configure:5041: checking for C compiler version
configure:5050: gcc --version >&5
Apple LLVM version 8.1.0 (clang-802.0.38)
Target: x86_64-apple-darwin16.7.0
Thread model: posix
InstalledDir: /Applications/Xcode.app/Contents/Developer/Toolchains/XcodeDefault.xctoolchain/usr/bin
Configured with: --prefix=/Applications/Xcode.app/Contents/Developer/usr --with-gxx-include-dir=/usr/include/c++/4.2.1
configure:5061: $? = 0
configure:5050: gcc -v >&5
Configured with: --prefix=/Applications/Xcode.app/Contents/Developer/usr --with-gxx-include-dir=/usr/include/c++/4.2.1
Apple LLVM version 8.1.0 (clang-802.0.38)
Target: x86_64-apple-darwin16.7.0
Thread model: posix
InstalledDir: /Applications/Xcode.app/Contents/Developer/Toolchains/XcodeDefault.xctoolchain/usr/bin
configure:5061: $? = 0
configure:5050: gcc -V >&5
clang: error: argument to '-V' is missing (expected 1 value)
clang: error: no input files
configure:5061: $? = 1
configure:5050: gcc -qversion >&5
clang: error: unknown argument: '-qversion'
clang: error: no input files
configure:5061: $? = 1
configure:5065: checking whether we are using the GNU C compiler
configure:5093: result: yes
configure:5102: checking whether gcc accepts -g
configure:5163: result: yes
configure:5180: checking for gcc option to accept ISO C89
configure:5256: result: none needed
configure:5281: checking whether gcc understands -c and -o together
configure:5318: result: yes
configure:5340: checking how to run the C preprocessor
configure:5410: result: gcc -E
configure:5430: gcc -E  conftest.c
configure:5430: $? = 0
configure:5444: gcc -E  conftest.c
conftest.c:19:10: fatal error: 'ac_nonexistent.h' file not found
#include <ac_nonexistent.h>
         ^
1 error generated.
configure:5444: $? = 1
configure: failed program was:
| /* confdefs.h */
| #define PACKAGE_NAME "Tempo2"
| #define PACKAGE_TARNAME "tempo2"
| #define PACKAGE_VERSION "2014.11.1"
| #define PACKAGE_STRING "Tempo2 2014.11.1"
| #define PACKAGE_BUGREPORT "george.hobbs@csiro.au"
| #define PACKAGE_URL ""
| #define STDC_HEADERS 1
| #define HAVE_SYS_TYPES_H 1
| #define HAVE_SYS_STAT_H 1
| #define HAVE_STDLIB_H 1
| #define HAVE_STRING_H 1
| #define HAVE_MEMORY_H 1
| #define HAVE_STRINGS_H 1
| #define HAVE_INTTYPES_H 1
| #define HAVE_STDINT_H 1
| #define HAVE_UNISTD_H 1
| /* end confdefs.h.  */
| #include <ac_nonexistent.h>
configure:5579: checking for Fortran 77 compiler version
configure:5588: gfortran --version >&5
GNU Fortran (Homebrew GCC 7.2.0) 7.2.0
Copyright (C) 2017 Free Software Foundation, Inc.
This is free software; see the source for copying conditions.  There is NO
warranty; not even for MERCHANTABILITY or FITNESS FOR A PARTICULAR PURPOSE.

configure:5599: $? = 0
configure:5588: gfortran -v >&5
Using built-in specs.
COLLECT_GCC=gfortran
COLLECT_LTO_WRAPPER=/usr/local/Cellar/gcc/7.2.0/libexec/gcc/x86_64-apple-darwin16.7.0/7.2.0/lto-wrapper
Target: x86_64-apple-darwin16.7.0
Configured with: ../configure --build=x86_64-apple-darwin16.7.0 --prefix=/usr/local/Cellar/gcc/7.2.0 --libdir=/usr/local/Cellar/gcc/7.2.0/lib/gcc/7 --enable-languages=c,c++,objc,obj-c++,fortran --program-suffix=-7 --with-gmp=/usr/local/opt/gmp --with-mpfr=/usr/local/opt/mpfr --with-mpc=/usr/local/opt/libmpc --with-isl=/usr/local/opt/isl --with-system-zlib --enable-checking=release --with-pkgversion='Homebrew GCC 7.2.0' --with-bugurl=https://github.com/Homebrew/homebrew-core/issues --disable-nls
Thread model: posix
gcc version 7.2.0 (Homebrew GCC 7.2.0) 
configure:5599: $? = 0
configure:5588: gfortran -V >&5
gfortran: error: unrecognized command line option '-V'
gfortran: fatal error: no input files
compilation terminated.
configure:5599: $? = 1
configure:5588: gfortran -qversion >&5
gfortran: error: unrecognized command line option '-qversion'; did you mean '--version'?
gfortran: fatal error: no input files
compilation terminated.
configure:5599: $? = 1
configure:5608: checking whether we are using the GNU Fortran 77 compiler
configure:5621: gfortran -c  conftest.F >&5
configure:5621: $? = 0
configure:5630: result: yes
configure:5636: checking whether gfortran accepts -g
configure:5647: gfortran -c -g conftest.f >&5
configure:5647: $? = 0
configure:5655: result: yes
configure:5688: checking whether gfortran understands -c and -o together
configure:5706: gfortran -g -O2 -c conftest.f -o conftest2.o >&5
configure:5710: $? = 0
configure:5717: gfortran -g -O2 -c conftest.f -o conftest2.o >&5
configure:5721: $? = 0
configure:5729: result: yes
configure:5747: checking build system type
configure:5761: result: x86_64-apple-darwin16.7.0
configure:5781: checking host system type
configure:5794: result: x86_64-apple-darwin16.7.0
configure:5819: checking how to get verbose linking output from gfortran
configure:5829: gfortran -c -g -O2 conftest.f >&5
configure:5829: $? = 0
configure:5847: gfortran -o conftest -g -O2 -v -L/Users/qianyiqian/Desktop/research/pulsar/psrsoft/usr/lib conftest.f
Using built-in specs.
Target: x86_64-apple-darwin16.7.0
Thread model: posix
gcc version 7.2.0 (Homebrew GCC 7.2.0) 
 /usr/local/Cellar/gcc/7.2.0/libexec/gcc/x86_64-apple-darwin16.7.0/7.2.0/f951 conftest.f -ffixed-form -fPIC -feliminate-unused-debug-symbols -quiet -dumpbase conftest.f -mmacosx-version-min=10.12.7 -mtune=core2 -auxbase conftest -g -O2 -version -fintrinsic-modules-path /usr/local/Cellar/gcc/7.2.0/lib/gcc/7/gcc/x86_64-apple-darwin16.7.0/7.2.0/finclude -o /var/folders/d7/7bg07yps3_15nmjgbvtmjv5m0000gn/T//cc1NaTLs.s
GNU Fortran (Homebrew GCC 7.2.0) version 7.2.0 (x86_64-apple-darwin16.7.0)
	compiled by GNU C version 7.2.0, GMP version 6.1.2, MPFR version 3.1.5, MPC version 1.0.3, isl version isl-0.18-GMP

GGC heuristics: --param ggc-min-expand=100 --param ggc-min-heapsize=131072
GNU Fortran2008 (Homebrew GCC 7.2.0) version 7.2.0 (x86_64-apple-darwin16.7.0)
	compiled by GNU C version 7.2.0, GMP version 6.1.2, MPFR version 3.1.5, MPC version 1.0.3, isl version isl-0.18-GMP

GGC heuristics: --param ggc-min-expand=100 --param ggc-min-heapsize=131072
 as -arch x86_64 -v -force_cpusubtype_ALL -mmacosx-version-min=10.12 -o /var/folders/d7/7bg07yps3_15nmjgbvtmjv5m0000gn/T//ccYObEkk.o /var/folders/d7/7bg07yps3_15nmjgbvtmjv5m0000gn/T//cc1NaTLs.s
Apple LLVM version 8.1.0 (clang-802.0.38)
Target: x86_64-apple-darwin16.7.0
Thread model: posix
InstalledDir: /Applications/Xcode.app/Contents/Developer/Toolchains/XcodeDefault.xctoolchain/usr/bin
 "/Applications/Xcode.app/Contents/Developer/Toolchains/XcodeDefault.xctoolchain/usr/bin/clang" -cc1as -triple x86_64-apple-macosx10.12.0 -filetype obj -main-file-name cc1NaTLs.s -target-cpu penryn -fdebug-compilation-dir /Users/qianyiqian/Desktop/Research/pulsar/psrsoft/usr/src/tempo2 -dwarf-debug-producer Apple LLVM version 8.1.0 (clang-802.0.38) -dwarf-version=4 -mrelocation-model pic -o /var/folders/d7/7bg07yps3_15nmjgbvtmjv5m0000gn/T//ccYObEkk.o /var/folders/d7/7bg07yps3_15nmjgbvtmjv5m0000gn/T//cc1NaTLs.s
Reading specs from /usr/local/Cellar/gcc/7.2.0/lib/gcc/7/gcc/x86_64-apple-darwin16.7.0/7.2.0/../../../libgfortran.spec
rename spec lib to liborig
 /usr/local/Cellar/gcc/7.2.0/libexec/gcc/x86_64-apple-darwin16.7.0/7.2.0/collect2 -dynamic -arch x86_64 -macosx_version_min 10.12.7 -weak_reference_mismatches non-weak -o conftest -L/Users/qianyiqian/Desktop/research/pulsar/psrsoft/usr/lib -L/usr/local/Cellar/gcc/7.2.0/lib/gcc/7/gcc/x86_64-apple-darwin16.7.0/7.2.0 -L/usr/local/Cellar/gcc/7.2.0/lib/gcc/7/gcc/x86_64-apple-darwin16.7.0/7.2.0/../../.. /var/folders/d7/7bg07yps3_15nmjgbvtmjv5m0000gn/T//ccYObEkk.o -lgfortran -no_compact_unwind -lSystem -lgcc_ext.10.5 -lgcc -lquadmath -lm -lgcc_ext.10.5 -lgcc -lSystem -v -idsym -dsym
collect2 version 7.2.0
/usr//bin/ld -dynamic -arch x86_64 -macosx_version_min 10.12.7 -weak_reference_mismatches non-weak -o conftest -L/Users/qianyiqian/Desktop/research/pulsar/psrsoft/usr/lib -L/usr/local/Cellar/gcc/7.2.0/lib/gcc/7/gcc/x86_64-apple-darwin16.7.0/7.2.0 -L/usr/local/Cellar/gcc/7.2.0/lib/gcc/7/gcc/x86_64-apple-darwin16.7.0/7.2.0/../../.. /var/folders/d7/7bg07yps3_15nmjgbvtmjv5m0000gn/T//ccYObEkk.o -lgfortran -no_compact_unwind -lSystem -lgcc_ext.10.5 -lgcc -lquadmath -lm -lgcc_ext.10.5 -lgcc -lSystem -v
@(#)PROGRAM:ld  PROJECT:ld64-278.4
configured to support archs: armv6 armv7 armv7s arm64 i386 x86_64 x86_64h armv6m armv7k armv7m armv7em (tvOS)
Library search paths:
	/Users/qianyiqian/Desktop/research/pulsar/psrsoft/usr/lib
	/usr/local/Cellar/gcc/7.2.0/lib/gcc/7/gcc/x86_64-apple-darwin16.7.0/7.2.0
	/usr/local/Cellar/gcc/7.2.0/lib/gcc/7
	/usr/lib
	/usr/local/lib
Framework search paths:
	/Library/Frameworks/
	/System/Library/Frameworks/
 /usr//bin/nm -n /var/folders/d7/7bg07yps3_15nmjgbvtmjv5m0000gn/T//ccYObEkk.o
dsymutil conftest
configure:5930: result: -v
configure:5932: checking for Fortran 77 libraries of gfortran
configure:6151: result: -lgfortran
configure:6268: checking for Fortran compiler version
configure:6277: gfortran --version >&5
GNU Fortran (Homebrew GCC 7.2.0) 7.2.0
Copyright (C) 2017 Free Software Foundation, Inc.
This is free software; see the source for copying conditions.  There is NO
warranty; not even for MERCHANTABILITY or FITNESS FOR A PARTICULAR PURPOSE.

configure:6288: $? = 0
configure:6277: gfortran -v >&5
Using built-in specs.
COLLECT_GCC=gfortran
COLLECT_LTO_WRAPPER=/usr/local/Cellar/gcc/7.2.0/libexec/gcc/x86_64-apple-darwin16.7.0/7.2.0/lto-wrapper
Target: x86_64-apple-darwin16.7.0
Configured with: ../configure --build=x86_64-apple-darwin16.7.0 --prefix=/usr/local/Cellar/gcc/7.2.0 --libdir=/usr/local/Cellar/gcc/7.2.0/lib/gcc/7 --enable-languages=c,c++,objc,obj-c++,fortran --program-suffix=-7 --with-gmp=/usr/local/opt/gmp --with-mpfr=/usr/local/opt/mpfr --with-mpc=/usr/local/opt/libmpc --with-isl=/usr/local/opt/isl --with-system-zlib --enable-checking=release --with-pkgversion='Homebrew GCC 7.2.0' --with-bugurl=https://github.com/Homebrew/homebrew-core/issues --disable-nls
Thread model: posix
gcc version 7.2.0 (Homebrew GCC 7.2.0) 
configure:6288: $? = 0
configure:6277: gfortran -V >&5
gfortran: error: unrecognized command line option '-V'
gfortran: fatal error: no input files
compilation terminated.
configure:6288: $? = 1
configure:6277: gfortran -qversion >&5
gfortran: error: unrecognized command line option '-qversion'; did you mean '--version'?
gfortran: fatal error: no input files
compilation terminated.
configure:6288: $? = 1
configure:6297: checking whether we are using the GNU Fortran compiler
configure:6310: gfortran -c   conftest.F >&5
configure:6310: $? = 0
configure:6319: result: yes
configure:6325: checking whether gfortran accepts -g
configure:6336: gfortran -c -g  conftest.f >&5
configure:6336: $? = 0
configure:6344: result: yes
configure:6489: checking for C++ compiler version
configure:6498: g++ --version >&5
Apple LLVM version 8.1.0 (clang-802.0.38)
Target: x86_64-apple-darwin16.7.0
Thread model: posix
InstalledDir: /Applications/Xcode.app/Contents/Developer/Toolchains/XcodeDefault.xctoolchain/usr/bin
Configured with: --prefix=/Applications/Xcode.app/Contents/Developer/usr --with-gxx-include-dir=/usr/include/c++/4.2.1
configure:6509: $? = 0
configure:6498: g++ -v >&5
Configured with: --prefix=/Applications/Xcode.app/Contents/Developer/usr --with-gxx-include-dir=/usr/include/c++/4.2.1
Apple LLVM version 8.1.0 (clang-802.0.38)
Target: x86_64-apple-darwin16.7.0
Thread model: posix
InstalledDir: /Applications/Xcode.app/Contents/Developer/Toolchains/XcodeDefault.xctoolchain/usr/bin
configure:6509: $? = 0
configure:6498: g++ -V >&5
clang: error: argument to '-V' is missing (expected 1 value)
clang: error: no input files
configure:6509: $? = 1
configure:6498: g++ -qversion >&5
clang: error: unknown argument: '-qversion'
clang: error: no input files
configure:6509: $? = 1
configure:6513: checking whether we are using the GNU C++ compiler
configure:6541: result: yes
configure:6550: checking whether g++ accepts -g
configure:6611: result: yes
configure:6653: checking for a BSD-compatible install
configure:6721: result: /usr//bin/install -c
configure:6778: checking how to print strings
configure:6805: result: printf
configure:6826: checking for a sed that does not truncate output
configure:6890: result: /usr//bin/sed
configure:6908: checking for fgrep
configure:6970: result: /usr//bin/grep -F
configure:7005: checking for ld used by gcc
configure:7072: result: /Applications/Xcode.app/Contents/Developer/Toolchains/XcodeDefault.xctoolchain/usr/bin/ld
configure:7079: checking if the linker (/Applications/Xcode.app/Contents/Developer/Toolchains/XcodeDefault.xctoolchain/usr/bin/ld) is GNU ld
configure:7094: result: no
configure:7106: checking for BSD- or MS-compatible name lister (nm)
configure:7155: result: /usr//bin/nm -B
configure:7285: checking the name lister (/usr//bin/nm -B) interface
configure:7292: gcc -c -I/Users/qianyiqian/Desktop/research/pulsar/psrsoft/usr/include   conftest.c >&5
configure:7295: /usr//bin/nm -B "conftest.o"
configure:7298: output
0000000000000000 S _some_variable
configure:7305: result: BSD nm
configure:7308: checking whether ln -s works
configure:7312: result: yes
configure:7320: checking the maximum length of command line arguments
configure:7450: result: 196608
configure:7467: checking whether the shell understands some XSI constructs
configure:7477: result: yes
configure:7481: checking whether the shell understands "+="
configure:7487: result: yes
configure:7522: checking how to convert x86_64-apple-darwin16.7.0 file names to x86_64-apple-darwin16.7.0 format
configure:7562: result: func_convert_file_noop
configure:7569: checking how to convert x86_64-apple-darwin16.7.0 file names to toolchain format
configure:7589: result: func_convert_file_noop
configure:7596: checking for /Applications/Xcode.app/Contents/Developer/Toolchains/XcodeDefault.xctoolchain/usr/bin/ld option to reload object files
configure:7603: result: -r
configure:7677: checking for objdump
configure:7693: found /usr//bin/objdump
configure:7704: result: objdump
configure:7736: checking how to recognize dependent libraries
configure:7938: result: pass_all
configure:8023: checking for dlltool
configure:8053: result: no
configure:8083: checking how to associate runtime and link libraries
configure:8110: result: printf %s\n
configure:8170: checking for ar
configure:8186: found /usr//bin/ar
configure:8197: result: ar
configure:8234: checking for archiver @FILE support
configure:8251: gcc -c -I/Users/qianyiqian/Desktop/research/pulsar/psrsoft/usr/include   conftest.c >&5
configure:8251: $? = 0
configure:8254: ar cru libconftest.a @conftest.lst >&5
ar: @conftest.lst: No such file or directory
configure:8257: $? = 1
configure:8277: result: no
configure:8335: checking for strip
configure:8351: found /usr//bin/strip
configure:8362: result: strip
configure:8434: checking for ranlib
configure:8450: found /usr//bin/ranlib
configure:8461: result: ranlib
configure:8538: checking for gawk
configure:8568: result: no
configure:8538: checking for mawk
configure:8568: result: no
configure:8538: checking for nawk
configure:8568: result: no
configure:8538: checking for awk
configure:8554: found /usr//bin/awk
configure:8565: result: awk
configure:8605: checking command to parse /usr//bin/nm -B output from gcc object
configure:8725: gcc -c -I/Users/qianyiqian/Desktop/research/pulsar/psrsoft/usr/include   conftest.c >&5
configure:8728: $? = 0
configure:8732: /usr//bin/nm -B conftest.o \| sed -n -e 's/^.*[ ]\([BCDEGRST][BCDEGRST]*\)[ ][ ]*\([_A-Za-z][_A-Za-z0-9]*\)$/\1 \2 \2/p' | sed '/ __gnu_lto/d' \> conftest.nm
configure:8735: $? = 0
cannot find nm_test_var in conftest.nm
configure:8725: gcc -c -I/Users/qianyiqian/Desktop/research/pulsar/psrsoft/usr/include   conftest.c >&5
configure:8728: $? = 0
configure:8732: /usr//bin/nm -B conftest.o \| sed -n -e 's/^.*[ ]\([BCDEGRST][BCDEGRST]*\)[ ][ ]*_\([_A-Za-z][_A-Za-z0-9]*\)$/\1 _\2 \2/p' | sed '/ __gnu_lto/d' \> conftest.nm
configure:8735: $? = 0
configure:8801: gcc -o conftest -I/Users/qianyiqian/Desktop/research/pulsar/psrsoft/usr/include   -L/Users/qianyiqian/Desktop/research/pulsar/psrsoft/usr/lib  conftest.c conftstm.o >&5
configure:8804: $? = 0
configure:8842: result: ok
configure:8879: checking for sysroot
configure:8909: result: no
configure:9165: checking for mt
configure:9195: result: no
configure:9215: checking if : is a manifest tool
configure:9221: : '-?'
configure:9229: result: no
configure:9285: checking for dsymutil
configure:9301: found /usr//bin/dsymutil
configure:9312: result: dsymutil
configure:9377: checking for nmedit
configure:9393: found /usr//bin/nmedit
configure:9404: result: nmedit
configure:9469: checking for lipo
configure:9485: found /usr//bin/lipo
configure:9496: result: lipo
configure:9561: checking for otool
configure:9577: found /usr//bin/otool
configure:9588: result: otool
configure:9653: checking for otool64
configure:9683: result: no
configure:9728: checking for -single_module linker flag
gcc -I/Users/qianyiqian/Desktop/research/pulsar/psrsoft/usr/include  -L/Users/qianyiqian/Desktop/research/pulsar/psrsoft/usr/lib  -o libconftest.dylib -dynamiclib -Wl,-single_module conftest.c
configure:9761: result: yes
configure:9764: checking for -exported_symbols_list linker flag
configure:9784: gcc -o conftest -I/Users/qianyiqian/Desktop/research/pulsar/psrsoft/usr/include   -L/Users/qianyiqian/Desktop/research/pulsar/psrsoft/usr/lib  -Wl,-exported_symbols_list,conftest.sym conftest.c  >&5
configure:9784: $? = 0
configure:9794: result: yes
configure:9797: checking for -force_load linker flag
gcc -I/Users/qianyiqian/Desktop/research/pulsar/psrsoft/usr/include  -c -o conftest.o conftest.c
ar cru libconftest.a conftest.o
ranlib libconftest.a
gcc -I/Users/qianyiqian/Desktop/research/pulsar/psrsoft/usr/include  -L/Users/qianyiqian/Desktop/research/pulsar/psrsoft/usr/lib  -o conftest conftest.c -Wl,-force_load,./libconftest.a
configure:9829: result: yes
configure:9868: checking for dlfcn.h
configure:9868: gcc -c -I/Users/qianyiqian/Desktop/research/pulsar/psrsoft/usr/include   conftest.c >&5
configure:9868: $? = 0
configure:9868: result: yes
configure:10086: checking for objdir
configure:10101: result: .libs
configure:10372: checking if gcc supports -fno-rtti -fno-exceptions
configure:10390: gcc -c -I/Users/qianyiqian/Desktop/research/pulsar/psrsoft/usr/include   -fno-rtti -fno-exceptions conftest.c >&5
configure:10394: $? = 0
configure:10407: result: yes
configure:10734: checking for gcc option to produce PIC
configure:10741: result: -fno-common -DPIC
configure:10749: checking if gcc PIC flag -fno-common -DPIC works
configure:10767: gcc -c -I/Users/qianyiqian/Desktop/research/pulsar/psrsoft/usr/include   -fno-common -DPIC -DPIC conftest.c >&5
configure:10771: $? = 0
configure:10784: result: yes
configure:10813: checking if gcc static flag -static works
configure:10841: result: no
configure:10856: checking if gcc supports -c -o file.o
configure:10877: gcc -c -I/Users/qianyiqian/Desktop/research/pulsar/psrsoft/usr/include   -o out/conftest2.o conftest.c >&5
configure:10881: $? = 0
configure:10903: result: yes
configure:10911: checking if gcc supports -c -o file.o
configure:10958: result: yes
configure:10991: checking whether the gcc linker (/Applications/Xcode.app/Contents/Developer/Toolchains/XcodeDefault.xctoolchain/usr/bin/ld) supports shared libraries
configure:12144: result: yes
configure:12384: checking dynamic linker characteristics
configure:13117: result: darwin16.7.0 dyld
configure:13224: checking how to hardcode library paths into programs
configure:13249: result: immediate
configure:13789: checking whether stripping libraries is possible
configure:13803: result: yes
configure:13829: checking if libtool supports shared libraries
configure:13831: result: yes
configure:13834: checking whether to build shared libraries
configure:13855: result: yes
configure:13858: checking whether to build static libraries
configure:13862: result: yes
configure:13885: checking how to run the C++ preprocessor
configure:13951: result: g++ -E
configure:13971: g++ -E  conftest.cpp
configure:13971: $? = 0
configure:13985: g++ -E  conftest.cpp
conftest.cpp:21:10: fatal error: 'ac_nonexistent.h' file not found
#include <ac_nonexistent.h>
         ^
1 error generated.
configure:13985: $? = 1
configure: failed program was:
| /* confdefs.h */
| #define PACKAGE_NAME "Tempo2"
| #define PACKAGE_TARNAME "tempo2"
| #define PACKAGE_VERSION "2014.11.1"
| #define PACKAGE_STRING "Tempo2 2014.11.1"
| #define PACKAGE_BUGREPORT "george.hobbs@csiro.au"
| #define PACKAGE_URL ""
| #define STDC_HEADERS 1
| #define HAVE_SYS_TYPES_H 1
| #define HAVE_SYS_STAT_H 1
| #define HAVE_STDLIB_H 1
| #define HAVE_STRING_H 1
| #define HAVE_MEMORY_H 1
| #define HAVE_STRINGS_H 1
| #define HAVE_INTTYPES_H 1
| #define HAVE_STDINT_H 1
| #define HAVE_UNISTD_H 1
| #define HAVE_DLFCN_H 1
| #define LT_OBJDIR ".libs/"
| /* end confdefs.h.  */
| #include <ac_nonexistent.h>
configure:14154: checking for ld used by g++
configure:14221: result: /Applications/Xcode.app/Contents/Developer/Toolchains/XcodeDefault.xctoolchain/usr/bin/ld
configure:14228: checking if the linker (/Applications/Xcode.app/Contents/Developer/Toolchains/XcodeDefault.xctoolchain/usr/bin/ld) is GNU ld
configure:14243: result: no
configure:14298: checking whether the g++ linker (/Applications/Xcode.app/Contents/Developer/Toolchains/XcodeDefault.xctoolchain/usr/bin/ld) supports shared libraries
configure:15303: result: yes
configure:15339: g++ -c -I/Users/qianyiqian/Desktop/research/pulsar/psrsoft/usr/include   conftest.cpp >&5
configure:15342: $? = 0
configure:15862: checking for g++ option to produce PIC
configure:15869: result: -fno-common -DPIC
configure:15877: checking if g++ PIC flag -fno-common -DPIC works
configure:15895: g++ -c -I/Users/qianyiqian/Desktop/research/pulsar/psrsoft/usr/include   -fno-common -DPIC -DPIC conftest.cpp >&5
configure:15899: $? = 0
configure:15912: result: yes
configure:15935: checking if g++ static flag -static works
configure:15963: result: no
configure:15975: checking if g++ supports -c -o file.o
configure:15996: g++ -c -I/Users/qianyiqian/Desktop/research/pulsar/psrsoft/usr/include   -o out/conftest2.o conftest.cpp >&5
configure:16000: $? = 0
configure:16022: result: yes
configure:16027: checking if g++ supports -c -o file.o
configure:16074: result: yes
configure:16104: checking whether the g++ linker (/Applications/Xcode.app/Contents/Developer/Toolchains/XcodeDefault.xctoolchain/usr/bin/ld) supports shared libraries
configure:16140: result: yes
configure:16281: checking dynamic linker characteristics
configure:16948: result: darwin16.7.0 dyld
configure:17001: checking how to hardcode library paths into programs
configure:17026: result: immediate
configure:17174: checking if libtool supports shared libraries
configure:17176: result: yes
configure:17179: checking whether to build shared libraries
configure:17199: result: yes
configure:17202: checking whether to build static libraries
configure:17206: result: yes
configure:17527: checking for gfortran option to produce PIC
configure:17534: result: -fno-common
configure:17542: checking if gfortran PIC flag -fno-common works
configure:17560: gfortran -c -g -O2 -fno-common conftest.f >&5
configure:17564: $? = 0
configure:17577: result: yes
configure:17600: checking if gfortran static flag -static works
configure:17628: result: no
configure:17640: checking if gfortran supports -c -o file.o
configure:17661: gfortran -c -g -O2 -o out/conftest2.o conftest.f >&5
configure:17665: $? = 0
configure:17687: result: yes
configure:17692: checking if gfortran supports -c -o file.o
configure:17739: result: yes
configure:17769: checking whether the gfortran linker (/Applications/Xcode.app/Contents/Developer/Toolchains/XcodeDefault.xctoolchain/usr/bin/ld) supports shared libraries
configure:18872: result: yes
configure:19013: checking dynamic linker characteristics
configure:19674: result: darwin16.7.0 dyld
configure:19727: checking how to hardcode library paths into programs
configure:19752: result: immediate
configure:19896: checking if libtool supports shared libraries
configure:19898: result: yes
configure:19901: checking whether to build shared libraries
configure:19921: result: yes
configure:19924: checking whether to build static libraries
configure:19928: result: yes
configure:19962: gfortran -c -g -O2  conftest.f >&5
configure:19965: $? = 0
configure:20394: checking for gfortran option to produce PIC
configure:20401: result: -fno-common
configure:20409: checking if gfortran PIC flag -fno-common works
configure:20427: gfortran -c -g -O2 -fno-common  conftest.f >&5
configure:20431: $? = 0
configure:20444: result: yes
configure:20467: checking if gfortran static flag -static works
configure:20495: result: no
configure:20507: checking if gfortran supports -c -o file.o
configure:20528: gfortran -c -g -O2 -o out/conftest2.o  conftest.f >&5
configure:20532: $? = 0
configure:20554: result: yes
configure:20559: checking if gfortran supports -c -o file.o
configure:20606: result: yes
configure:20636: checking whether the gfortran linker (/Applications/Xcode.app/Contents/Developer/Toolchains/XcodeDefault.xctoolchain/usr/bin/ld) supports shared libraries
configure:21739: result: yes
configure:21880: checking dynamic linker characteristics
configure:22541: result: darwin16.7.0 dyld
configure:22594: checking how to hardcode library paths into programs
configure:22619: result: immediate
configure:22680: checking for cos in -lm
configure:22705: gcc -o conftest -I/Users/qianyiqian/Desktop/research/pulsar/psrsoft/usr/include   -L/Users/qianyiqian/Desktop/research/pulsar/psrsoft/usr/lib  conftest.c -lm   >&5
conftest.c:28:6: warning: incompatible redeclaration of library function 'cos' [-Wincompatible-library-redeclaration]
char cos ();
     ^
conftest.c:28:6: note: 'cos' is a builtin with type 'double (double)'
1 warning generated.
configure:22705: $? = 0
configure:22714: result: yes
configure:22770: checking for $TEMPO2
configure:22780: result: yes
configure:22796: checking for plugin install path
configure:22810: result: /Users/qianyiqian/Desktop/research/pulsar/psrsoft/usr/share/tempo2/plugins/
configure:22818: checking for dummy main to link with Fortran 77 libraries
configure:22852: gcc -o conftest -I/Users/qianyiqian/Desktop/research/pulsar/psrsoft/usr/include  -I//include -I/usr/local/include  -L//lib -L/usr/local/lib -L/Users/qianyiqian/Desktop/research/pulsar/psrsoft/usr/lib  conftest.c -lm  -lgfortran >&5
ld: warning: directory not found for option '-L//lib'
ld: library not found for -lgfortran
clang: error: linker command failed with exit code 1 (use -v to see invocation)
configure:22852: $? = 1
configure: failed program was:
| /* confdefs.h */
| #define PACKAGE_NAME "Tempo2"
| #define PACKAGE_TARNAME "tempo2"
| #define PACKAGE_VERSION "2014.11.1"
| #define PACKAGE_STRING "Tempo2 2014.11.1"
| #define PACKAGE_BUGREPORT "george.hobbs@csiro.au"
| #define PACKAGE_URL ""
| #define STDC_HEADERS 1
| #define HAVE_SYS_TYPES_H 1
| #define HAVE_SYS_STAT_H 1
| #define HAVE_STDLIB_H 1
| #define HAVE_STRING_H 1
| #define HAVE_MEMORY_H 1
| #define HAVE_STRINGS_H 1
| #define HAVE_INTTYPES_H 1
| #define HAVE_STDINT_H 1
| #define HAVE_UNISTD_H 1
| #define HAVE_DLFCN_H 1
| #define LT_OBJDIR ".libs/"
| #define HAVE_LIBM 1
| /* end confdefs.h.  */
| 
| #ifdef F77_DUMMY_MAIN
| 
| #  ifdef __cplusplus
|      extern "C"
| #  endif
|    int F77_DUMMY_MAIN() { return 1; }
| 
| #endif
| int
| main ()
| {
| 
|   ;
|   return 0;
| }
configure:22881: gcc -o conftest -I/Users/qianyiqian/Desktop/research/pulsar/psrsoft/usr/include  -I//include -I/usr/local/include  -L//lib -L/usr/local/lib -L/Users/qianyiqian/Desktop/research/pulsar/psrsoft/usr/lib  conftest.c -lm  -lgfortran >&5
ld: warning: directory not found for option '-L//lib'
ld: library not found for -lgfortran
clang: error: linker command failed with exit code 1 (use -v to see invocation)
configure:22881: $? = 1
configure: failed program was:
| /* confdefs.h */
| #define PACKAGE_NAME "Tempo2"
| #define PACKAGE_TARNAME "tempo2"
| #define PACKAGE_VERSION "2014.11.1"
| #define PACKAGE_STRING "Tempo2 2014.11.1"
| #define PACKAGE_BUGREPORT "george.hobbs@csiro.au"
| #define PACKAGE_URL ""
| #define STDC_HEADERS 1
| #define HAVE_SYS_TYPES_H 1
| #define HAVE_SYS_STAT_H 1
| #define HAVE_STDLIB_H 1
| #define HAVE_STRING_H 1
| #define HAVE_MEMORY_H 1
| #define HAVE_STRINGS_H 1
| #define HAVE_INTTYPES_H 1
| #define HAVE_STDINT_H 1
| #define HAVE_UNISTD_H 1
| #define HAVE_DLFCN_H 1
| #define LT_OBJDIR ".libs/"
| #define HAVE_LIBM 1
| /* end confdefs.h.  */
| #define F77_DUMMY_MAIN MAIN__
| #ifdef F77_DUMMY_MAIN
| 
| #  ifdef __cplusplus
|      extern "C"
| #  endif
|    int F77_DUMMY_MAIN() { return 1; }
| 
| #endif
| int
| main ()
| {
| 
|   ;
|   return 0;
| }
configure:22881: gcc -o conftest -I/Users/qianyiqian/Desktop/research/pulsar/psrsoft/usr/include  -I//include -I/usr/local/include  -L//lib -L/usr/local/lib -L/Users/qianyiqian/Desktop/research/pulsar/psrsoft/usr/lib  conftest.c -lm  -lgfortran >&5
ld: warning: directory not found for option '-L//lib'
ld: library not found for -lgfortran
clang: error: linker command failed with exit code 1 (use -v to see invocation)
configure:22881: $? = 1
configure: failed program was:
| /* confdefs.h */
| #define PACKAGE_NAME "Tempo2"
| #define PACKAGE_TARNAME "tempo2"
| #define PACKAGE_VERSION "2014.11.1"
| #define PACKAGE_STRING "Tempo2 2014.11.1"
| #define PACKAGE_BUGREPORT "george.hobbs@csiro.au"
| #define PACKAGE_URL ""
| #define STDC_HEADERS 1
| #define HAVE_SYS_TYPES_H 1
| #define HAVE_SYS_STAT_H 1
| #define HAVE_STDLIB_H 1
| #define HAVE_STRING_H 1
| #define HAVE_MEMORY_H 1
| #define HAVE_STRINGS_H 1
| #define HAVE_INTTYPES_H 1
| #define HAVE_STDINT_H 1
| #define HAVE_UNISTD_H 1
| #define HAVE_DLFCN_H 1
| #define LT_OBJDIR ".libs/"
| #define HAVE_LIBM 1
| /* end confdefs.h.  */
| #define F77_DUMMY_MAIN MAIN_
| #ifdef F77_DUMMY_MAIN
| 
| #  ifdef __cplusplus
|      extern "C"
| #  endif
|    int F77_DUMMY_MAIN() { return 1; }
| 
| #endif
| int
| main ()
| {
| 
|   ;
|   return 0;
| }
configure:22881: gcc -o conftest -I/Users/qianyiqian/Desktop/research/pulsar/psrsoft/usr/include  -I//include -I/usr/local/include  -L//lib -L/usr/local/lib -L/Users/qianyiqian/Desktop/research/pulsar/psrsoft/usr/lib  conftest.c -lm  -lgfortran >&5
ld: warning: directory not found for option '-L//lib'
ld: library not found for -lgfortran
clang: error: linker command failed with exit code 1 (use -v to see invocation)
configure:22881: $? = 1
configure: failed program was:
| /* confdefs.h */
| #define PACKAGE_NAME "Tempo2"
| #define PACKAGE_TARNAME "tempo2"
| #define PACKAGE_VERSION "2014.11.1"
| #define PACKAGE_STRING "Tempo2 2014.11.1"
| #define PACKAGE_BUGREPORT "george.hobbs@csiro.au"
| #define PACKAGE_URL ""
| #define STDC_HEADERS 1
| #define HAVE_SYS_TYPES_H 1
| #define HAVE_SYS_STAT_H 1
| #define HAVE_STDLIB_H 1
| #define HAVE_STRING_H 1
| #define HAVE_MEMORY_H 1
| #define HAVE_STRINGS_H 1
| #define HAVE_INTTYPES_H 1
| #define HAVE_STDINT_H 1
| #define HAVE_UNISTD_H 1
| #define HAVE_DLFCN_H 1
| #define LT_OBJDIR ".libs/"
| #define HAVE_LIBM 1
| /* end confdefs.h.  */
| #define F77_DUMMY_MAIN __main
| #ifdef F77_DUMMY_MAIN
| 
| #  ifdef __cplusplus
|      extern "C"
| #  endif
|    int F77_DUMMY_MAIN() { return 1; }
| 
| #endif
| int
| main ()
| {
| 
|   ;
|   return 0;
| }
configure:22881: gcc -o conftest -I/Users/qianyiqian/Desktop/research/pulsar/psrsoft/usr/include  -I//include -I/usr/local/include  -L//lib -L/usr/local/lib -L/Users/qianyiqian/Desktop/research/pulsar/psrsoft/usr/lib  conftest.c -lm  -lgfortran >&5
ld: warning: directory not found for option '-L//lib'
ld: library not found for -lgfortran
clang: error: linker command failed with exit code 1 (use -v to see invocation)
configure:22881: $? = 1
configure: failed program was:
| /* confdefs.h */
| #define PACKAGE_NAME "Tempo2"
| #define PACKAGE_TARNAME "tempo2"
| #define PACKAGE_VERSION "2014.11.1"
| #define PACKAGE_STRING "Tempo2 2014.11.1"
| #define PACKAGE_BUGREPORT "george.hobbs@csiro.au"
| #define PACKAGE_URL ""
| #define STDC_HEADERS 1
| #define HAVE_SYS_TYPES_H 1
| #define HAVE_SYS_STAT_H 1
| #define HAVE_STDLIB_H 1
| #define HAVE_STRING_H 1
| #define HAVE_MEMORY_H 1
| #define HAVE_STRINGS_H 1
| #define HAVE_INTTYPES_H 1
| #define HAVE_STDINT_H 1
| #define HAVE_UNISTD_H 1
| #define HAVE_DLFCN_H 1
| #define LT_OBJDIR ".libs/"
| #define HAVE_LIBM 1
| /* end confdefs.h.  */
| #define F77_DUMMY_MAIN MAIN
| #ifdef F77_DUMMY_MAIN
| 
| #  ifdef __cplusplus
|      extern "C"
| #  endif
|    int F77_DUMMY_MAIN() { return 1; }
| 
| #endif
| int
| main ()
| {
| 
|   ;
|   return 0;
| }
configure:22881: gcc -o conftest -I/Users/qianyiqian/Desktop/research/pulsar/psrsoft/usr/include  -I//include -I/usr/local/include  -L//lib -L/usr/local/lib -L/Users/qianyiqian/Desktop/research/pulsar/psrsoft/usr/lib  conftest.c -lm  -lgfortran >&5
ld: warning: directory not found for option '-L//lib'
ld: library not found for -lgfortran
clang: error: linker command failed with exit code 1 (use -v to see invocation)
configure:22881: $? = 1
configure: failed program was:
| /* confdefs.h */
| #define PACKAGE_NAME "Tempo2"
| #define PACKAGE_TARNAME "tempo2"
| #define PACKAGE_VERSION "2014.11.1"
| #define PACKAGE_STRING "Tempo2 2014.11.1"
| #define PACKAGE_BUGREPORT "george.hobbs@csiro.au"
| #define PACKAGE_URL ""
| #define STDC_HEADERS 1
| #define HAVE_SYS_TYPES_H 1
| #define HAVE_SYS_STAT_H 1
| #define HAVE_STDLIB_H 1
| #define HAVE_STRING_H 1
| #define HAVE_MEMORY_H 1
| #define HAVE_STRINGS_H 1
| #define HAVE_INTTYPES_H 1
| #define HAVE_STDINT_H 1
| #define HAVE_UNISTD_H 1
| #define HAVE_DLFCN_H 1
| #define LT_OBJDIR ".libs/"
| #define HAVE_LIBM 1
| /* end confdefs.h.  */
| #define F77_DUMMY_MAIN _MAIN
| #ifdef F77_DUMMY_MAIN
| 
| #  ifdef __cplusplus
|      extern "C"
| #  endif
|    int F77_DUMMY_MAIN() { return 1; }
| 
| #endif
| int
| main ()
| {
| 
|   ;
|   return 0;
| }
configure:22881: gcc -o conftest -I/Users/qianyiqian/Desktop/research/pulsar/psrsoft/usr/include  -I//include -I/usr/local/include  -L//lib -L/usr/local/lib -L/Users/qianyiqian/Desktop/research/pulsar/psrsoft/usr/lib  conftest.c -lm  -lgfortran >&5
ld: warning: directory not found for option '-L//lib'
ld: library not found for -lgfortran
clang: error: linker command failed with exit code 1 (use -v to see invocation)
configure:22881: $? = 1
configure: failed program was:
| /* confdefs.h */
| #define PACKAGE_NAME "Tempo2"
| #define PACKAGE_TARNAME "tempo2"
| #define PACKAGE_VERSION "2014.11.1"
| #define PACKAGE_STRING "Tempo2 2014.11.1"
| #define PACKAGE_BUGREPORT "george.hobbs@csiro.au"
| #define PACKAGE_URL ""
| #define STDC_HEADERS 1
| #define HAVE_SYS_TYPES_H 1
| #define HAVE_SYS_STAT_H 1
| #define HAVE_STDLIB_H 1
| #define HAVE_STRING_H 1
| #define HAVE_MEMORY_H 1
| #define HAVE_STRINGS_H 1
| #define HAVE_INTTYPES_H 1
| #define HAVE_STDINT_H 1
| #define HAVE_UNISTD_H 1
| #define HAVE_DLFCN_H 1
| #define LT_OBJDIR ".libs/"
| #define HAVE_LIBM 1
| /* end confdefs.h.  */
| #define F77_DUMMY_MAIN __MAIN
| #ifdef F77_DUMMY_MAIN
| 
| #  ifdef __cplusplus
|      extern "C"
| #  endif
|    int F77_DUMMY_MAIN() { return 1; }
| 
| #endif
| int
| main ()
| {
| 
|   ;
|   return 0;
| }
configure:22881: gcc -o conftest -I/Users/qianyiqian/Desktop/research/pulsar/psrsoft/usr/include  -I//include -I/usr/local/include  -L//lib -L/usr/local/lib -L/Users/qianyiqian/Desktop/research/pulsar/psrsoft/usr/lib  conftest.c -lm  -lgfortran >&5
ld: warning: directory not found for option '-L//lib'
ld: library not found for -lgfortran
clang: error: linker command failed with exit code 1 (use -v to see invocation)
configure:22881: $? = 1
configure: failed program was:
| /* confdefs.h */
| #define PACKAGE_NAME "Tempo2"
| #define PACKAGE_TARNAME "tempo2"
| #define PACKAGE_VERSION "2014.11.1"
| #define PACKAGE_STRING "Tempo2 2014.11.1"
| #define PACKAGE_BUGREPORT "george.hobbs@csiro.au"
| #define PACKAGE_URL ""
| #define STDC_HEADERS 1
| #define HAVE_SYS_TYPES_H 1
| #define HAVE_SYS_STAT_H 1
| #define HAVE_STDLIB_H 1
| #define HAVE_STRING_H 1
| #define HAVE_MEMORY_H 1
| #define HAVE_STRINGS_H 1
| #define HAVE_INTTYPES_H 1
| #define HAVE_STDINT_H 1
| #define HAVE_UNISTD_H 1
| #define HAVE_DLFCN_H 1
| #define LT_OBJDIR ".libs/"
| #define HAVE_LIBM 1
| /* end confdefs.h.  */
| #define F77_DUMMY_MAIN main_
| #ifdef F77_DUMMY_MAIN
| 
| #  ifdef __cplusplus
|      extern "C"
| #  endif
|    int F77_DUMMY_MAIN() { return 1; }
| 
| #endif
| int
| main ()
| {
| 
|   ;
|   return 0;
| }
configure:22881: gcc -o conftest -I/Users/qianyiqian/Desktop/research/pulsar/psrsoft/usr/include  -I//include -I/usr/local/include  -L//lib -L/usr/local/lib -L/Users/qianyiqian/Desktop/research/pulsar/psrsoft/usr/lib  conftest.c -lm  -lgfortran >&5
ld: warning: directory not found for option '-L//lib'
ld: library not found for -lgfortran
clang: error: linker command failed with exit code 1 (use -v to see invocation)
configure:22881: $? = 1
configure: failed program was:
| /* confdefs.h */
| #define PACKAGE_NAME "Tempo2"
| #define PACKAGE_TARNAME "tempo2"
| #define PACKAGE_VERSION "2014.11.1"
| #define PACKAGE_STRING "Tempo2 2014.11.1"
| #define PACKAGE_BUGREPORT "george.hobbs@csiro.au"
| #define PACKAGE_URL ""
| #define STDC_HEADERS 1
| #define HAVE_SYS_TYPES_H 1
| #define HAVE_SYS_STAT_H 1
| #define HAVE_STDLIB_H 1
| #define HAVE_STRING_H 1
| #define HAVE_MEMORY_H 1
| #define HAVE_STRINGS_H 1
| #define HAVE_INTTYPES_H 1
| #define HAVE_STDINT_H 1
| #define HAVE_UNISTD_H 1
| #define HAVE_DLFCN_H 1
| #define LT_OBJDIR ".libs/"
| #define HAVE_LIBM 1
| /* end confdefs.h.  */
| #define F77_DUMMY_MAIN main__
| #ifdef F77_DUMMY_MAIN
| 
| #  ifdef __cplusplus
|      extern "C"
| #  endif
|    int F77_DUMMY_MAIN() { return 1; }
| 
| #endif
| int
| main ()
| {
| 
|   ;
|   return 0;
| }
configure:22881: gcc -o conftest -I/Users/qianyiqian/Desktop/research/pulsar/psrsoft/usr/include  -I//include -I/usr/local/include  -L//lib -L/usr/local/lib -L/Users/qianyiqian/Desktop/research/pulsar/psrsoft/usr/lib  conftest.c -lm  -lgfortran >&5
ld: warning: directory not found for option '-L//lib'
ld: library not found for -lgfortran
clang: error: linker command failed with exit code 1 (use -v to see invocation)
configure:22881: $? = 1
configure: failed program was:
| /* confdefs.h */
| #define PACKAGE_NAME "Tempo2"
| #define PACKAGE_TARNAME "tempo2"
| #define PACKAGE_VERSION "2014.11.1"
| #define PACKAGE_STRING "Tempo2 2014.11.1"
| #define PACKAGE_BUGREPORT "george.hobbs@csiro.au"
| #define PACKAGE_URL ""
| #define STDC_HEADERS 1
| #define HAVE_SYS_TYPES_H 1
| #define HAVE_SYS_STAT_H 1
| #define HAVE_STDLIB_H 1
| #define HAVE_STRING_H 1
| #define HAVE_MEMORY_H 1
| #define HAVE_STRINGS_H 1
| #define HAVE_INTTYPES_H 1
| #define HAVE_STDINT_H 1
| #define HAVE_UNISTD_H 1
| #define HAVE_DLFCN_H 1
| #define LT_OBJDIR ".libs/"
| #define HAVE_LIBM 1
| /* end confdefs.h.  */
| #define F77_DUMMY_MAIN _main
| #ifdef F77_DUMMY_MAIN
| 
| #  ifdef __cplusplus
|      extern "C"
| #  endif
|    int F77_DUMMY_MAIN() { return 1; }
| 
| #endif
| int
| main ()
| {
| 
|   ;
|   return 0;
| }
configure:22897: result: unknown
configure:22914: error: in `/Users/qianyiqian/Desktop/Research/pulsar/psrsoft/usr/src/tempo2':
configure:22916: error: linking to Fortran libraries from C fails
See `config.log' for more details

## ---------------- ##
## Cache variables. ##
## ---------------- ##

ac_cv_build=x86_64-apple-darwin16.7.0
ac_cv_c_bigendian=no
ac_cv_c_compiler_gnu=yes
ac_cv_cxx_compiler_gnu=yes
ac_cv_env_CCC_set=
ac_cv_env_CCC_value=
ac_cv_env_CC_set=set
ac_cv_env_CC_value=gcc
ac_cv_env_CFLAGS_set=set
ac_cv_env_CFLAGS_value='-I/Users/qianyiqian/Desktop/research/pulsar/psrsoft/usr/include '
ac_cv_env_CPPFLAGS_set=
ac_cv_env_CPPFLAGS_value=
ac_cv_env_CPP_set=
ac_cv_env_CPP_value=
ac_cv_env_CXXCPP_set=
ac_cv_env_CXXCPP_value=
ac_cv_env_CXXFLAGS_set=set
ac_cv_env_CXXFLAGS_value='-I/Users/qianyiqian/Desktop/research/pulsar/psrsoft/usr/include '
ac_cv_env_CXX_set=set
ac_cv_env_CXX_value=g++
ac_cv_env_F77_set=set
ac_cv_env_F77_value=gfortran
ac_cv_env_FCFLAGS_set=
ac_cv_env_FCFLAGS_value=
ac_cv_env_FC_set=set
ac_cv_env_FC_value=gfortran
ac_cv_env_FFLAGS_set=
ac_cv_env_FFLAGS_value=
ac_cv_env_LDFLAGS_set=set
ac_cv_env_LDFLAGS_value='-L/Users/qianyiqian/Desktop/research/pulsar/psrsoft/usr/lib '
ac_cv_env_LIBS_set=
ac_cv_env_LIBS_value=
ac_cv_env_TEMPO2_set=set
ac_cv_env_TEMPO2_value=/Users/qianyiqian/Desktop/research/pulsar/psrsoft/usr/share/tempo2
ac_cv_env_XMKMF_set=
ac_cv_env_XMKMF_value=
ac_cv_env_build_alias_set=
ac_cv_env_build_alias_value=
ac_cv_env_host_alias_set=
ac_cv_env_host_alias_value=
ac_cv_env_target_alias_set=
ac_cv_env_target_alias_value=
ac_cv_f77_compiler_gnu=yes
ac_cv_f77_dummy_main=unknown
ac_cv_f77_libs=-lgfortran
ac_cv_fc_compiler_gnu=yes
ac_cv_fortran_dummy_main=unknown
ac_cv_header_dlfcn_h=yes
ac_cv_header_inttypes_h=yes
ac_cv_header_memory_h=yes
ac_cv_header_stdc=yes
ac_cv_header_stdint_h=yes
ac_cv_header_stdlib_h=yes
ac_cv_header_string_h=yes
ac_cv_header_strings_h=yes
ac_cv_header_sys_stat_h=yes
ac_cv_header_sys_types_h=yes
ac_cv_header_unistd_h=yes
ac_cv_host=x86_64-apple-darwin16.7.0
ac_cv_lib_m_cos=yes
ac_cv_objext=o
ac_cv_path_EGREP='/usr//bin/grep -E'
ac_cv_path_FGREP='/usr//bin/grep -F'
ac_cv_path_GREP=/usr//bin/grep
ac_cv_path_SED=/usr//bin/sed
ac_cv_path_install='/usr//bin/install -c'
ac_cv_prog_AWK=awk
ac_cv_prog_CPP='gcc -E'
ac_cv_prog_CXXCPP='g++ -E'
ac_cv_prog_ac_ct_AR=ar
ac_cv_prog_ac_ct_CC=gcc
ac_cv_prog_ac_ct_DSYMUTIL=dsymutil
ac_cv_prog_ac_ct_LIPO=lipo
ac_cv_prog_ac_ct_NMEDIT=nmedit
ac_cv_prog_ac_ct_OBJDUMP=objdump
ac_cv_prog_ac_ct_OTOOL=otool
ac_cv_prog_ac_ct_RANLIB=ranlib
ac_cv_prog_ac_ct_STRIP=strip
ac_cv_prog_cc_c89=
ac_cv_prog_cc_g=yes
ac_cv_prog_cxx_g=yes
ac_cv_prog_f77_c_o=yes
ac_cv_prog_f77_g=yes
ac_cv_prog_f77_v=-v
ac_cv_prog_fc_g=yes
ac_cv_sys_file_offset_bits=no
ac_cv_sys_largefile_CC=no
am_cv_prog_cc_c_o=yes
lt_cv_apple_cc_single_mod=yes
lt_cv_ar_at_file=no
lt_cv_deplibs_check_method=pass_all
lt_cv_file_magic_cmd='$MAGIC_CMD'
lt_cv_file_magic_test_file=
lt_cv_ld_exported_symbols_list=yes
lt_cv_ld_force_load=yes
lt_cv_ld_reload_flag=-r
lt_cv_nm_interface='BSD nm'
lt_cv_objdir=.libs
lt_cv_path_LD=/Applications/Xcode.app/Contents/Developer/Toolchains/XcodeDefault.xctoolchain/usr/bin/ld
lt_cv_path_LDCXX=/Applications/Xcode.app/Contents/Developer/Toolchains/XcodeDefault.xctoolchain/usr/bin/ld
lt_cv_path_NM='/usr//bin/nm -B'
lt_cv_path_mainfest_tool=no
lt_cv_prog_compiler_c_o=yes
lt_cv_prog_compiler_c_o_CXX=yes
lt_cv_prog_compiler_c_o_F77=yes
lt_cv_prog_compiler_c_o_FC=yes
lt_cv_prog_compiler_pic='-fno-common -DPIC'
lt_cv_prog_compiler_pic_CXX='-fno-common -DPIC'
lt_cv_prog_compiler_pic_F77=-fno-common
lt_cv_prog_compiler_pic_FC=-fno-common
lt_cv_prog_compiler_pic_works=yes
lt_cv_prog_compiler_pic_works_CXX=yes
lt_cv_prog_compiler_pic_works_F77=yes
lt_cv_prog_compiler_pic_works_FC=yes
lt_cv_prog_compiler_rtti_exceptions=yes
lt_cv_prog_compiler_static_works=no
lt_cv_prog_compiler_static_works_CXX=no
lt_cv_prog_compiler_static_works_F77=no
lt_cv_prog_compiler_static_works_FC=no
lt_cv_prog_gnu_ld=no
lt_cv_prog_gnu_ldcxx=no
lt_cv_sharedlib_from_linklib_cmd='printf %s\n'
lt_cv_sys_global_symbol_pipe='sed -n -e '\''s/^.*[	 ]\([BCDEGRST][BCDEGRST]*\)[	 ][	 ]*_\([_A-Za-z][_A-Za-z0-9]*\)$/\1 _\2 \2/p'\'' | sed '\''/ __gnu_lto/d'\'''
lt_cv_sys_global_symbol_to_c_name_address='sed -n -e '\''s/^: \([^ ]*\)[ ]*$/  {\"\1\", (void *) 0},/p'\'' -e '\''s/^[BCDEGRST]* \([^ ]*\) \([^ ]*\)$/  {"\2", (void *) \&\2},/p'\'''
lt_cv_sys_global_symbol_to_c_name_address_lib_prefix='sed -n -e '\''s/^: \([^ ]*\)[ ]*$/  {\"\1\", (void *) 0},/p'\'' -e '\''s/^[BCDEGRST]* \([^ ]*\) \(lib[^ ]*\)$/  {"\2", (void *) \&\2},/p'\'' -e '\''s/^[BCDEGRST]* \([^ ]*\) \([^ ]*\)$/  {"lib\2", (void *) \&\2},/p'\'''
lt_cv_sys_global_symbol_to_cdecl='sed -n -e '\''s/^T .* \(.*\)$/extern int \1();/p'\'' -e '\''s/^[BCDEGRST]* .* \(.*\)$/extern char \1;/p'\'''
lt_cv_sys_max_cmd_len=196608
lt_cv_to_host_file_cmd=func_convert_file_noop
lt_cv_to_tool_file_cmd=func_convert_file_noop

## ----------------- ##
## Output variables. ##
## ----------------- ##

ACLOCAL=''
AMDEPBACKSLASH=''
AMDEP_FALSE=''
AMDEP_TRUE=''
AMTAR=''
AM_BACKSLASH=''
AM_DEFAULT_V=''
AM_DEFAULT_VERBOSITY=''
AM_V=''
AR='ar'
AUTOCONF=''
AUTOHEADER=''
AUTOMAKE=''
AWK='awk'
BLAS_LIBS=''
CALCEPH_LIBS=''
CC='gcc'
CCDEPMODE=''
CFITSIO_CFLAGS=''
CFITSIO_LIBS=''
CFLAGS='-I/Users/qianyiqian/Desktop/research/pulsar/psrsoft/usr/include '
CPP='gcc -E'
CPPFLAGS='-I//include -I/usr/local/include '
CULA_CFLAGS=''
CULA_LIBS=''
CXX='g++'
CXXCPP='g++ -E'
CXXDEPMODE=''
CXXFLAGS='-I/Users/qianyiqian/Desktop/research/pulsar/psrsoft/usr/include '
CYGPATH_W=''
DEFS=''
DEPDIR=''
DLLTOOL='false'
DSYMUTIL='dsymutil'
DUMPBIN=''
ECHO_C='\c'
ECHO_N=''
ECHO_T=''
EGREP='/usr//bin/grep -E'
EXEEXT=''
F77='gfortran'
FC='gfortran'
FCFLAGS='-g -O2'
FCLIBS=''
FFLAGS='-g -O2'
FFTW_CFLAGS=''
FFTW_LIBS=''
FGREP='/usr//bin/grep -F'
FLIBS='-lgfortran'
GREP='/usr//bin/grep'
GSL_CFLAGS=''
GSL_CONFIG=''
GSL_LIBS=''
HAVE_BLAS_FALSE=''
HAVE_BLAS_TRUE=''
HAVE_CALCEPH_FALSE=''
HAVE_CALCEPH_TRUE=''
HAVE_CFITSIO_FALSE=''
HAVE_CFITSIO_TRUE=''
HAVE_CULA_FALSE=''
HAVE_CULA_TRUE=''
HAVE_FFTW3_FALSE=''
HAVE_FFTW3_TRUE=''
HAVE_GSL_FALSE=''
HAVE_GSL_TRUE=''
HAVE_LAPACK_FALSE=''
HAVE_LAPACK_TRUE=''
HAVE_MULTINEST_FALSE=''
HAVE_MULTINEST_TRUE=''
HAVE_PGPLOT_FALSE=''
HAVE_PGPLOT_TRUE=''
INSTALL_DATA='${INSTALL} -m 644'
INSTALL_PROGRAM='${INSTALL}'
INSTALL_SCRIPT='${INSTALL}'
INSTALL_STRIP_PROGRAM=''
LD='/Applications/Xcode.app/Contents/Developer/Toolchains/XcodeDefault.xctoolchain/usr/bin/ld'
LDFLAGS='-L//lib -L/usr/local/lib -L/Users/qianyiqian/Desktop/research/pulsar/psrsoft/usr/lib '
LIBADD_DL=''
LIBADD_DLD_LINK=''
LIBADD_DLOPEN=''
LIBADD_SHL_LOAD=''
LIBOBJS=''
LIBS='-lm '
LIBS_LAPACK=''
LIBTOOL='$(SHELL) $(top_builddir)/libtool'
LIPO='lipo'
LN_S='ln -s'
LTLIBOBJS=''
LT_DLLOADERS=''
LT_DLPREOPEN=''
MAKEINFO=''
MANIFEST_TOOL=':'
MKDIR_P=''
MULTINEST_CFLAGS=''
MULTINEST_LIBS=''
NM='/usr//bin/nm -B'
NMEDIT='nmedit'
OBJDUMP='objdump'
OBJEXT='o'
OTOOL64=':'
OTOOL='otool'
PACKAGE=''
PACKAGE_BUGREPORT='george.hobbs@csiro.au'
PACKAGE_NAME='Tempo2'
PACKAGE_STRING='Tempo2 2014.11.1'
PACKAGE_TARNAME='tempo2'
PACKAGE_URL=''
PACKAGE_VERSION='2014.11.1'
PATH_SEPARATOR=':'
PGPLOT_CFLAGS=''
PGPLOT_LIBS=''
RANLIB='ranlib'
SED='/usr//bin/sed'
SET_MAKE=''
SHELL='/bin/sh'
SOCKET_LIBS=''
STRIP='strip'
T2ARCH=''
TEMPO2='/Users/qianyiqian/Desktop/research/pulsar/psrsoft/usr/share/tempo2'
TEMPO2_DIR='/Users/qianyiqian/Desktop/research/pulsar/psrsoft/usr/share/tempo2'
TEMPO2_PLUG_INSTALL='/Users/qianyiqian/Desktop/research/pulsar/psrsoft/usr/share/tempo2/plugins/'
VERSION=''
XMKMF=''
X_CFLAGS=''
X_EXTRA_LIBS=''
X_LIBS=''
X_PRE_LIBS=''
ac_ct_AR='ar'
ac_ct_CC='gcc'
ac_ct_CXX=''
ac_ct_DUMPBIN=''
ac_ct_F77=''
ac_ct_FC=''
am__EXEEXT_FALSE=''
am__EXEEXT_TRUE=''
am__fastdepCC_FALSE=''
am__fastdepCC_TRUE=''
am__fastdepCXX_FALSE=''
am__fastdepCXX_TRUE=''
am__include=''
am__isrc=''
am__leading_dot=''
am__nodep=''
am__quote=''
am__tar=''
am__untar=''
bindir='${exec_prefix}/bin'
build='x86_64-apple-darwin16.7.0'
build_alias=''
build_cpu='x86_64'
build_os='darwin16.7.0'
build_vendor='apple'
datadir='${datarootdir}'
datarootdir='${prefix}/share'
docdir='${datarootdir}/doc/${PACKAGE_TARNAME}'
dvidir='${docdir}'
exec_prefix='NONE'
host='x86_64-apple-darwin16.7.0'
host_alias=''
host_cpu='x86_64'
host_os='darwin16.7.0'
host_vendor='apple'
htmldir='${docdir}'
includedir='${prefix}/include'
infodir='${datarootdir}/info'
install_sh=''
libdir='${exec_prefix}/lib'
libexecdir='${exec_prefix}/libexec'
localedir='${datarootdir}/locale'
localstatedir='${prefix}/var'
mandir='${datarootdir}/man'
mkdir_p=''
oldincludedir='/usr/include'
pdfdir='${docdir}'
prefix='/Users/qianyiqian/Desktop/research/pulsar/psrsoft/usr'
program_transform_name='s,x,x,'
psdir='${docdir}'
sbindir='${exec_prefix}/sbin'
sharedstatedir='${prefix}/com'
sysconfdir='${prefix}/etc'
target_alias=''

## ----------- ##
## confdefs.h. ##
## ----------- ##

/* confdefs.h */
#define PACKAGE_NAME "Tempo2"
#define PACKAGE_TARNAME "tempo2"
#define PACKAGE_VERSION "2014.11.1"
#define PACKAGE_STRING "Tempo2 2014.11.1"
#define PACKAGE_BUGREPORT "george.hobbs@csiro.au"
#define PACKAGE_URL ""
#define STDC_HEADERS 1
#define HAVE_SYS_TYPES_H 1
#define HAVE_SYS_STAT_H 1
#define HAVE_STDLIB_H 1
#define HAVE_STRING_H 1
#define HAVE_MEMORY_H 1
#define HAVE_STRINGS_H 1
#define HAVE_INTTYPES_H 1
#define HAVE_STDINT_H 1
#define HAVE_UNISTD_H 1
#define HAVE_DLFCN_H 1
#define LT_OBJDIR ".libs/"
#define HAVE_LIBM 1

configure: exit 1
